[debug] [2021-03-02T17:20:37.742Z] ----------------------------------------------------------------------
[debug] [2021-03-02T17:20:37.744Z] Command:       C:\Program Files\nodejs\node.exe C:\Users\Andrew\AppData\Roaming\npm\node_modules\firebase-tools\lib\bin\firebase.js init
[debug] [2021-03-02T17:20:37.744Z] CLI Version:   9.5.0
[debug] [2021-03-02T17:20:37.744Z] Platform:      win32
[debug] [2021-03-02T17:20:37.744Z] Node Version:  v14.16.0
[debug] [2021-03-02T17:20:37.745Z] Time:          Tue Mar 02 2021 19:20:37 GMT+0200 (за східноєвропейським стандартним часом)
[debug] [2021-03-02T17:20:37.746Z] ----------------------------------------------------------------------
[debug] [2021-03-02T17:20:37.746Z] 
[debug] [2021-03-02T17:20:37.751Z] > command requires scopes: ["email","openid","https://www.googleapis.com/auth/cloudplatformprojects.readonly","https://www.googleapis.com/auth/firebase","https://www.googleapis.com/auth/cloud-platform"]
[debug] [2021-03-02T17:20:37.752Z] > authorizing via signed-in user
[info] 
     ######## #### ########  ######## ########     ###     ######  ########
     ##        ##  ##     ## ##       ##     ##  ##   ##  ##       ##
     ######    ##  ########  ######   ########  #########  ######  ######
     ##        ##  ##    ##  ##       ##     ## ##     ##       ## ##
     ##       #### ##     ## ######## ########  ##     ##  ######  ########

You're about to initialize a Firebase project in this directory:

  D:\WeBDev\MyCV\appexchange

Before we get started, keep in mind:

  * You are initializing in an existing Firebase project directory

[info] 
=== Project Setup
[info] 
[info] First, let's associate this project directory with a Firebase project.
[info] You can create multiple project aliases by running firebase use --add, 
[info] but for now we'll just set up a default project.
[info] 
[info] i  .firebaserc already has a default project, using mycv-2abc7. 
[debug] [2021-03-02T17:20:45.050Z] > refreshing access token with scopes: []
[debug] [2021-03-02T17:20:45.050Z] >>> HTTP REQUEST POST https://www.googleapis.com/oauth2/v3/token  
 <request body omitted>
[debug] [2021-03-02T17:20:45.234Z] <<< HTTP RESPONSE 200 {"cache-control":"no-cache, no-store, max-age=0, must-revalidate","date":"Tue, 02 Mar 2021 17:20:54 GMT","expires":"Mon, 01 Jan 1990 00:00:00 GMT","pragma":"no-cache","content-type":"application/json; charset=utf-8","vary":"X-Origin, Referer, Origin,Accept-Encoding","server":"scaffolding on HTTPServer2","x-xss-protection":"0","x-frame-options":"SAMEORIGIN","x-content-type-options":"nosniff","alt-svc":"h3-29=\":443\"; ma=2592000,h3-T051=\":443\"; ma=2592000,h3-Q050=\":443\"; ma=2592000,h3-Q046=\":443\"; ma=2592000,h3-Q043=\":443\"; ma=2592000,quic=\":443\"; ma=2592000; v=\"46,43\"","accept-ranges":"none","transfer-encoding":"chunked"}
[debug] [2021-03-02T17:20:45.280Z] >>> [apiv2][query] GET https://firebase.googleapis.com/v1beta1/projects/mycv-2abc7 [none]
[debug] [2021-03-02T17:20:45.527Z] <<< [apiv2][status] GET https://firebase.googleapis.com/v1beta1/projects/mycv-2abc7 200
[debug] [2021-03-02T17:20:45.527Z] <<< [apiv2][body] GET https://firebase.googleapis.com/v1beta1/projects/mycv-2abc7 {"projectId":"mycv-2abc7","projectNumber":"144457541292","displayName":"MyCV","name":"projects/mycv-2abc7","resources":{"hostingSite":"mycv-2abc7"},"state":"ACTIVE"}
[info] 
=== Hosting Setup
[info] 
[info] Your public directory is the folder (relative to your project directory) that
[info] will contain Hosting assets to be uploaded with firebase deploy. If you
[info] have a build process for your assets, use your build's output directory.
[info] 
[info] +  Wrote build/404.html 
[debug] [2021-03-02T17:21:51.646Z] >>> [apiv2][query] GET https://www.gstatic.com/firebasejs/releases.json [none]
[debug] [2021-03-02T17:21:51.763Z] <<< [apiv2][status] GET https://www.gstatic.com/firebasejs/releases.json 200
[debug] [2021-03-02T17:21:51.763Z] <<< [apiv2][body] GET https://www.gstatic.com/firebasejs/releases.json {"current":{"version":"8.2.9","browserURL":"https://www.gstatic.com/firebasejs/8.2.9/firebase.js","packageURL":"https://www.gstatic.com/firebasejs/8.2.9/firebase.tgz"},"live":{"version":"8.2","browserURL":"https://www.gstatic.com/firebasejs/live/8.2/firebase.js","packageURL":"https://www.gstatic.com/firebasejs/live/8.2/firebase.tgz"},"components":{"analytics":"https://www.gstatic.com/firebasejs/8.2.9/firebase-analytics.js","app":"https://www.gstatic.com/firebasejs/8.2.9/firebase-app.js","auth":"https://www.gstatic.com/firebasejs/8.2.9/firebase-auth.js","database":"https://www.gstatic.com/firebasejs/8.2.9/firebase-database.js","firestore":"https://www.gstatic.com/firebasejs/8.2.9/firebase-firestore.js","functions":"https://www.gstatic.com/firebasejs/8.2.9/firebase-functions.js","installations":"https://www.gstatic.com/firebasejs/8.2.9/firebase-installations.js","messaging":"https://www.gstatic.com/firebasejs/8.2.9/firebase-messaging.js","storage":"https://www.gstatic.com/firebasejs/8.2.9/firebase-storage.js","performance":"https://www.gstatic.com/firebasejs/8.2.9/firebase-performance.js","remote-config":"https://www.gstatic.com/firebasejs/8.2.9/firebase-remote-config.js","firestore.memory":"https://www.gstatic.com/firebasejs/8.2.9/firebase-firestore.memory.js"}}
[info] +  Wrote build/index.html 
[info] 
[info] i  Detected a .git folder at D:\WeBDev\MyCV\appexchange 
[info] i  Authorizing with GitHub to upload your service account to a GitHub repository's secrets store. 
[info] 
[info] Visit this URL on this device to log in:
[info] https://github.com/login/oauth/authorize?client_id=89cf50f02ac6aaed3484&state=75974173&redirect_uri=http%3A%2F%2Flocalhost%3A9005&scope=read%3Auser%20repo%20public_repo
[info] 
[info] Waiting for authentication...
[debug] [2021-03-02T17:22:32.065Z] >>> HTTP REQUEST POST https://github.com/login/oauth/access_token  
 {"client_id":"89cf50f02ac6aaed3484","client_secret":"3330d14abc895d9a74d5f17cd7a00711fa2c5bf0","code":"7e5fa699083cc1b3423c","redirect_uri":"http://localhost:9005","state":"75974173"}
[debug] [2021-03-02T17:22:32.302Z] <<< HTTP RESPONSE 200 {"server":"GitHub.com","date":"Tue, 02 Mar 2021 17:22:41 GMT","content-type":"application/json; charset=utf-8","transfer-encoding":"chunked","vary":"X-PJAX, Accept-Encoding, Accept, X-Requested-With","etag":"W/\"c976d543886b7c8e25807d2f7ccce357\"","cache-control":"max-age=0, private, must-revalidate","strict-transport-security":"max-age=31536000; includeSubdomains; preload","x-frame-options":"deny","x-content-type-options":"nosniff","x-xss-protection":"1; mode=block","referrer-policy":"origin-when-cross-origin, strict-origin-when-cross-origin","expect-ct":"max-age=2592000, report-uri=\"https://api.github.com/_private/browser/errors\"","content-security-policy":"default-src 'none'; base-uri 'self'; block-all-mixed-content; connect-src 'self' uploads.github.com www.githubstatus.com collector.githubapp.com api.github.com github-cloud.s3.amazonaws.com github-production-repository-file-5c1aeb.s3.amazonaws.com github-production-upload-manifest-file-7fdce7.s3.amazonaws.com github-production-user-asset-6210df.s3.amazonaws.com cdn.optimizely.com logx.optimizely.com/v1/events wss://alive.github.com; font-src github.githubassets.com; form-action 'self' github.com gist.github.com; frame-ancestors 'none'; frame-src render.githubusercontent.com; img-src 'self' data: github.githubassets.com identicons.github.com collector.githubapp.com github-cloud.s3.amazonaws.com user-images.githubusercontent.com/ *.githubusercontent.com; manifest-src 'self'; media-src 'none'; script-src github.githubassets.com; style-src 'unsafe-inline' github.githubassets.com; worker-src github.com/socket-worker-5029ae85.js gist.github.com/socket-worker-5029ae85.js","x-github-request-id":"2120:774A:282E93:2930AE:603E7461"}
[debug] [2021-03-02T17:22:32.314Z] >>> [apiv2][query] GET https://api.github.com/user [none]
[debug] [2021-03-02T17:22:32.627Z] <<< [apiv2][status] GET https://api.github.com/user 200
[debug] [2021-03-02T17:22:32.627Z] <<< [apiv2][body] GET https://api.github.com/user {"login":"AndrianoVer","id":47673417,"node_id":"MDQ6VXNlcjQ3NjczNDE3","avatar_url":"https://avatars.githubusercontent.com/u/47673417?v=4","gravatar_id":"","url":"https://api.github.com/users/AndrianoVer","html_url":"https://github.com/AndrianoVer","followers_url":"https://api.github.com/users/AndrianoVer/followers","following_url":"https://api.github.com/users/AndrianoVer/following{/other_user}","gists_url":"https://api.github.com/users/AndrianoVer/gists{/gist_id}","starred_url":"https://api.github.com/users/AndrianoVer/starred{/owner}{/repo}","subscriptions_url":"https://api.github.com/users/AndrianoVer/subscriptions","organizations_url":"https://api.github.com/users/AndrianoVer/orgs","repos_url":"https://api.github.com/users/AndrianoVer/repos","events_url":"https://api.github.com/users/AndrianoVer/events{/privacy}","received_events_url":"https://api.github.com/users/AndrianoVer/received_events","type":"User","site_admin":false,"name":"Andrew Verbitsky","company":null,"blog":"","location":null,"email":null,"hireable":null,"bio":null,"twitter_username":null,"public_repos":17,"public_gists":0,"followers":4,"following":5,"created_at":"2019-02-15T18:24:22Z","updated_at":"2021-03-02T17:22:41Z","private_gists":0,"total_private_repos":0,"owned_private_repos":0,"disk_usage":17984,"collaborators":0,"two_factor_authentication":false,"plan":{"name":"free","space":976562499,"collaborators":0,"private_repos":10000}}
[info] 
[info] +  Success! Logged into GitHub as AndrianoVer 
[info] 
